07:17:30 2023-05-06 [INFO] Starting InterSystems IRIS instance IRIS...
07:17:33 2023-05-06 [INFO] Starting Control Process
Global buffer setting requires attention.  Auto-selected 25% of total memory.
Allocated 2674MB shared memory
1962MB global buffers, 196MB routine buffers
This copy of InterSystems IRIS has been licensed for use exclusively by:
InterSystems IRIS Community
Copyright (c) 1986-2023 by InterSystems Corporation
Any other use is a violation of your license agreement

1 alert(s) during startup. See messages.log for details.
Starting IRIS


07:17:33 2023-05-06 [INFO] ...started InterSystems IRIS instance IRIS
07:17:33 2023-05-06 [INFO] Executing command /docker-entrypoint.sh iris-after-start ...
07:17:33 2023-05-06 [INFO] 
/docker-entrypoint.sh: ignoring /docker-entrypoint-initdb.d/*


07:17:33 2023-05-06 [INFO] ...executed command /docker-entrypoint.sh iris-after-start 
07:27:16 2023-05-06 [INFO] Starting InterSystems IRIS instance IRIS...
07:27:18 2023-05-06 [INFO] Starting Control Process
Global buffer setting requires attention.  Auto-selected 25% of total memory.
Allocated 2674MB shared memory
1962MB global buffers, 196MB routine buffers
This copy of InterSystems IRIS has been licensed for use exclusively by:
InterSystems IRIS Community
Copyright (c) 1986-2023 by InterSystems Corporation
Any other use is a violation of your license agreement

1 alert(s) during startup. See messages.log for details.
Starting IRIS


07:27:18 2023-05-06 [INFO] ...started InterSystems IRIS instance IRIS
07:27:18 2023-05-06 [INFO] Executing command /docker-entrypoint.sh iris-after-start ...
07:27:18 2023-05-06 [INFO] 
/docker-entrypoint.sh: ignoring /docker-entrypoint-initdb.d/*


07:27:18 2023-05-06 [INFO] ...executed command /docker-entrypoint.sh iris-after-start 
07:49:38 2023-05-06 [INFO] Starting InterSystems IRIS instance IRIS...
07:49:40 2023-05-06 [INFO] Starting Control Process
Global buffer setting requires attention.  Auto-selected 25% of total memory.
Allocated 2674MB shared memory
1962MB global buffers, 196MB routine buffers
This copy of InterSystems IRIS has been licensed for use exclusively by:
InterSystems IRIS Community
Copyright (c) 1986-2023 by InterSystems Corporation
Any other use is a violation of your license agreement

1 alert(s) during startup. See messages.log for details.
Starting IRIS


07:49:40 2023-05-06 [INFO] ...started InterSystems IRIS instance IRIS
07:49:40 2023-05-06 [INFO] Executing command /docker-entrypoint.sh iris-after-start ...
07:49:41 2023-05-06 [INFO] 
/docker-entrypoint.sh: ignoring /docker-entrypoint-initdb.d/*


07:49:41 2023-05-06 [INFO] ...executed command /docker-entrypoint.sh iris-after-start 
